<?xml version="1.0" encoding="UTF-8"?>
<coverage generated="1664584931927" clover="3.2.0">
  <project timestamp="1664584931927" name="All files">
    <metrics statements="49" coveredstatements="49" conditionals="10" coveredconditionals="10" methods="2" coveredmethods="2" elements="61" coveredelements="61" complexity="0" loc="49" ncloc="49" packages="1" files="1" classes="1"/>
    <file name="signup.ts" path="/home/savinnsk/Downloads/Code/study-code/3-node-clean-code-api/clean_code_api/src/presentation/controllers/signup/signup.ts">
      <metrics statements="49" coveredstatements="49" conditionals="10" coveredconditionals="10" methods="2" coveredmethods="2"/>
      <line num="1" count="1" type="stmt"/>
      <line num="2" count="1" type="stmt"/>
      <line num="3" count="1" type="stmt"/>
      <line num="4" count="1" type="stmt"/>
      <line num="5" count="1" type="cond" truecount="1" falsecount="0"/>
      <line num="6" count="1" type="stmt"/>
      <line num="7" count="1" type="stmt"/>
      <line num="8" count="1" type="stmt"/>
      <line num="9" count="1" type="cond" truecount="1" falsecount="0"/>
      <line num="10" count="11" type="stmt"/>
      <line num="11" count="11" type="stmt"/>
      <line num="12" count="11" type="stmt"/>
      <line num="13" count="1" type="stmt"/>
      <line num="14" count="1" type="cond" truecount="1" falsecount="0"/>
      <line num="15" count="11" type="stmt"/>
      <line num="16" count="11" type="stmt"/>
      <line num="17" count="11" type="stmt"/>
      <line num="18" count="11" type="cond" truecount="1" falsecount="0"/>
      <line num="19" count="38" type="cond" truecount="1" falsecount="0"/>
      <line num="20" count="4" type="stmt"/>
      <line num="21" count="4" type="stmt"/>
      <line num="22" count="38" type="stmt"/>
      <line num="23" count="7" type="cond" truecount="1" falsecount="0"/>
      <line num="24" count="7" type="stmt"/>
      <line num="25" count="7" type="stmt"/>
      <line num="26" count="11" type="cond" truecount="1" falsecount="0"/>
      <line num="27" count="1" type="stmt"/>
      <line num="28" count="1" type="stmt"/>
      <line num="29" count="6" type="cond" truecount="1" falsecount="0"/>
      <line num="30" count="6" type="stmt"/>
      <line num="31" count="6" type="stmt"/>
      <line num="32" count="11" type="cond" truecount="1" falsecount="0"/>
      <line num="33" count="1" type="stmt"/>
      <line num="34" count="1" type="stmt"/>
      <line num="35" count="4" type="cond" truecount="1" falsecount="0"/>
      <line num="36" count="4" type="stmt"/>
      <line num="37" count="4" type="stmt"/>
      <line num="38" count="4" type="stmt"/>
      <line num="39" count="4" type="stmt"/>
      <line num="40" count="4" type="stmt"/>
      <line num="41" count="4" type="stmt"/>
      <line num="42" count="11" type="stmt"/>
      <line num="43" count="11" type="stmt"/>
      <line num="44" count="11" type="stmt"/>
      <line num="45" count="11" type="stmt"/>
      <line num="46" count="11" type="stmt"/>
      <line num="47" count="11" type="stmt"/>
      <line num="48" count="11" type="stmt"/>
      <line num="49" count="1" type="stmt"/>
    </file>
  </project>
</coverage>
