TN:
SF:src/presentation/controllers/signup/signup.ts
FN:9,SignUpController
FN:14,Object.<anonymous>.SignUpController.handle
FNF:2
FNH:2
FNDA:11,SignUpController
FNDA:11,Object.<anonymous>.SignUpController.handle
DA:1,1
DA:2,1
DA:3,1
DA:4,1
DA:5,1
DA:6,1
DA:7,1
DA:8,1
DA:9,1
DA:10,11
DA:11,11
DA:12,11
DA:13,1
DA:14,1
DA:15,11
DA:16,11
DA:17,11
DA:18,11
DA:19,38
DA:20,4
DA:21,4
DA:22,38
DA:23,7
DA:24,7
DA:25,7
DA:26,11
DA:27,1
DA:28,1
DA:29,6
DA:30,6
DA:31,6
DA:32,11
DA:33,1
DA:34,1
DA:35,4
DA:36,4
DA:37,4
DA:38,4
DA:39,4
DA:40,4
DA:41,4
DA:42,11
DA:43,11
DA:44,11
DA:45,11
DA:46,11
DA:47,11
DA:48,11
DA:49,1
LF:49
LH:49
BRDA:5,0,0,1
BRDA:9,1,0,11
BRDA:14,2,0,11
BRDA:18,3,0,38
BRDA:19,4,0,4
BRDA:23,5,0,7
BRDA:26,6,0,1
BRDA:29,7,0,6
BRDA:32,8,0,1
BRDA:35,9,0,4
BRF:10
BRH:10
end_of_record
